mode: atomic
github.com/For-ACGN/CompressFrameHeader/common.go:40.64,41.38 1 65578
github.com/For-ACGN/CompressFrameHeader/common.go:41.38,43.3 1 1069
github.com/For-ACGN/CompressFrameHeader/common.go:44.2,44.47 1 64509
github.com/For-ACGN/CompressFrameHeader/common.go:45.14,47.24 1 16829
github.com/For-ACGN/CompressFrameHeader/common.go:47.24,49.4 1 869
github.com/For-ACGN/CompressFrameHeader/common.go:50.3,50.20 1 15960
github.com/For-ACGN/CompressFrameHeader/common.go:51.13,52.40 1 7395
github.com/For-ACGN/CompressFrameHeader/common.go:52.40,54.5 1 1
github.com/For-ACGN/CompressFrameHeader/common.go:56.4,56.28 1 7394
github.com/For-ACGN/CompressFrameHeader/common.go:56.28,58.5 1 396
github.com/For-ACGN/CompressFrameHeader/common.go:59.4,59.36 1 6998
github.com/For-ACGN/CompressFrameHeader/common.go:60.13,62.36 1 7676
github.com/For-ACGN/CompressFrameHeader/common.go:63.11,64.19 1 889
github.com/For-ACGN/CompressFrameHeader/common.go:66.14,68.20 1 18075
github.com/For-ACGN/CompressFrameHeader/common.go:69.13,70.40 1 8683
github.com/For-ACGN/CompressFrameHeader/common.go:70.40,72.5 1 1
github.com/For-ACGN/CompressFrameHeader/common.go:74.4,74.28 1 8682
github.com/For-ACGN/CompressFrameHeader/common.go:74.28,76.5 1 226
github.com/For-ACGN/CompressFrameHeader/common.go:77.4,77.36 1 8456
github.com/For-ACGN/CompressFrameHeader/common.go:78.13,79.40 1 9008
github.com/For-ACGN/CompressFrameHeader/common.go:79.40,81.5 1 1
github.com/For-ACGN/CompressFrameHeader/common.go:83.4,83.36 1 9007
github.com/For-ACGN/CompressFrameHeader/common.go:84.11,85.19 1 384
github.com/For-ACGN/CompressFrameHeader/common.go:87.10,88.18 1 29605
github.com/For-ACGN/CompressFrameHeader/reader.go:23.37,25.16 2 131098
github.com/For-ACGN/CompressFrameHeader/reader.go:25.16,26.13 1 1
github.com/For-ACGN/CompressFrameHeader/reader.go:28.2,28.15 1 131097
github.com/For-ACGN/CompressFrameHeader/reader.go:32.64,33.14 1 131099
github.com/For-ACGN/CompressFrameHeader/reader.go:33.14,35.3 1 1
github.com/For-ACGN/CompressFrameHeader/reader.go:36.2,36.30 1 131098
github.com/For-ACGN/CompressFrameHeader/reader.go:36.30,38.3 1 1
github.com/For-ACGN/CompressFrameHeader/reader.go:39.2,44.8 1 131097
github.com/For-ACGN/CompressFrameHeader/reader.go:48.46,50.11 2 196854
github.com/For-ACGN/CompressFrameHeader/reader.go:50.11,52.3 1 1
github.com/For-ACGN/CompressFrameHeader/reader.go:53.2,53.28 1 196853
github.com/For-ACGN/CompressFrameHeader/reader.go:53.28,55.3 1 1
github.com/For-ACGN/CompressFrameHeader/reader.go:56.2,56.18 1 196852
github.com/For-ACGN/CompressFrameHeader/reader.go:56.18,58.3 1 1
github.com/For-ACGN/CompressFrameHeader/reader.go:59.2,60.16 2 196851
github.com/For-ACGN/CompressFrameHeader/reader.go:60.16,62.3 1 130356
github.com/For-ACGN/CompressFrameHeader/reader.go:63.2,63.15 1 196851
github.com/For-ACGN/CompressFrameHeader/reader.go:66.46,68.22 1 196851
github.com/For-ACGN/CompressFrameHeader/reader.go:68.22,70.3 1 1
github.com/For-ACGN/CompressFrameHeader/reader.go:72.2,73.16 2 196850
github.com/For-ACGN/CompressFrameHeader/reader.go:73.16,75.3 1 2
github.com/For-ACGN/CompressFrameHeader/reader.go:76.2,76.30 1 196848
github.com/For-ACGN/CompressFrameHeader/reader.go:77.18,78.26 1 40867
github.com/For-ACGN/CompressFrameHeader/reader.go:79.15,80.28 1 25769
github.com/For-ACGN/CompressFrameHeader/reader.go:81.15,82.20 1 590
github.com/For-ACGN/CompressFrameHeader/reader.go:83.15,84.30 1 545
github.com/For-ACGN/CompressFrameHeader/reader.go:85.10,86.62 1 129077
github.com/For-ACGN/CompressFrameHeader/reader.go:88.2,88.16 1 67771
github.com/For-ACGN/CompressFrameHeader/reader.go:88.16,90.3 1 1277
github.com/For-ACGN/CompressFrameHeader/reader.go:91.2,92.21 2 66494
github.com/For-ACGN/CompressFrameHeader/reader.go:92.21,94.3 1 1
github.com/For-ACGN/CompressFrameHeader/reader.go:95.2,95.15 1 66494
github.com/For-ACGN/CompressFrameHeader/reader.go:98.40,101.16 2 40867
github.com/For-ACGN/CompressFrameHeader/reader.go:101.16,103.3 1 1
github.com/For-ACGN/CompressFrameHeader/reader.go:104.2,105.14 2 40866
github.com/For-ACGN/CompressFrameHeader/reader.go:105.14,107.3 1 4
github.com/For-ACGN/CompressFrameHeader/reader.go:109.2,111.16 3 40862
github.com/For-ACGN/CompressFrameHeader/reader.go:111.16,113.3 1 270
github.com/For-ACGN/CompressFrameHeader/reader.go:115.2,115.39 1 40592
github.com/For-ACGN/CompressFrameHeader/reader.go:115.39,117.3 1 10350960
github.com/For-ACGN/CompressFrameHeader/reader.go:118.2,122.12 4 40592
github.com/For-ACGN/CompressFrameHeader/reader.go:125.42,128.16 2 25769
github.com/For-ACGN/CompressFrameHeader/reader.go:128.16,130.3 1 1
github.com/For-ACGN/CompressFrameHeader/reader.go:131.2,133.19 3 25768
github.com/For-ACGN/CompressFrameHeader/reader.go:133.19,135.3 1 504
github.com/For-ACGN/CompressFrameHeader/reader.go:137.2,138.16 2 25264
github.com/For-ACGN/CompressFrameHeader/reader.go:138.16,140.3 1 1
github.com/For-ACGN/CompressFrameHeader/reader.go:142.2,143.24 2 25263
github.com/For-ACGN/CompressFrameHeader/reader.go:143.24,145.3 1 1
github.com/For-ACGN/CompressFrameHeader/reader.go:146.2,147.16 2 25262
github.com/For-ACGN/CompressFrameHeader/reader.go:147.16,149.3 1 1
github.com/For-ACGN/CompressFrameHeader/reader.go:151.2,153.31 3 25261
github.com/For-ACGN/CompressFrameHeader/reader.go:153.31,155.23 2 180701
github.com/For-ACGN/CompressFrameHeader/reader.go:155.23,157.4 1 1
github.com/For-ACGN/CompressFrameHeader/reader.go:158.3,158.29 1 180700
github.com/For-ACGN/CompressFrameHeader/reader.go:161.2,164.12 4 25260
github.com/For-ACGN/CompressFrameHeader/reader.go:167.34,169.2 1 590
github.com/For-ACGN/CompressFrameHeader/reader.go:171.44,174.16 2 545
github.com/For-ACGN/CompressFrameHeader/reader.go:174.16,176.3 1 1
github.com/For-ACGN/CompressFrameHeader/reader.go:177.2,179.19 3 544
github.com/For-ACGN/CompressFrameHeader/reader.go:179.19,181.3 1 492
github.com/For-ACGN/CompressFrameHeader/reader.go:183.2,186.12 4 52
github.com/For-ACGN/CompressFrameHeader/reader.go:189.42,190.14 1 25312
github.com/For-ACGN/CompressFrameHeader/reader.go:190.14,192.3 1 18748
github.com/For-ACGN/CompressFrameHeader/reader.go:193.2,194.27 2 6564
github.com/For-ACGN/CompressFrameHeader/reader.go:194.27,196.3 1 188521
github.com/For-ACGN/CompressFrameHeader/reader.go:197.2,197.18 1 6564
github.com/For-ACGN/CompressFrameHeader/reader.go:200.42,203.2 2 65904
github.com/For-ACGN/CompressFrameHeader/writer.go:27.37,29.16 2 15
github.com/For-ACGN/CompressFrameHeader/writer.go:29.16,30.13 1 1
github.com/For-ACGN/CompressFrameHeader/writer.go:32.2,32.15 1 14
github.com/For-ACGN/CompressFrameHeader/writer.go:36.64,37.14 1 16
github.com/For-ACGN/CompressFrameHeader/writer.go:37.14,39.3 1 1
github.com/For-ACGN/CompressFrameHeader/writer.go:40.2,40.30 1 15
github.com/For-ACGN/CompressFrameHeader/writer.go:40.30,42.3 1 1
github.com/For-ACGN/CompressFrameHeader/writer.go:43.2,46.8 1 14
github.com/For-ACGN/CompressFrameHeader/writer.go:50.47,52.11 2 65773
github.com/For-ACGN/CompressFrameHeader/writer.go:52.11,54.3 1 1
github.com/For-ACGN/CompressFrameHeader/writer.go:55.2,55.28 1 65772
github.com/For-ACGN/CompressFrameHeader/writer.go:55.28,57.3 1 1
github.com/For-ACGN/CompressFrameHeader/writer.go:58.2,58.18 1 65771
github.com/For-ACGN/CompressFrameHeader/writer.go:58.18,60.3 1 1
github.com/For-ACGN/CompressFrameHeader/writer.go:61.2,62.16 2 65770
github.com/For-ACGN/CompressFrameHeader/writer.go:62.16,64.3 1 3
github.com/For-ACGN/CompressFrameHeader/writer.go:65.2,65.15 1 65770
github.com/For-ACGN/CompressFrameHeader/writer.go:68.47,72.36 3 65770
github.com/For-ACGN/CompressFrameHeader/writer.go:72.36,75.17 3 107
github.com/For-ACGN/CompressFrameHeader/writer.go:75.17,77.4 1 1
github.com/For-ACGN/CompressFrameHeader/writer.go:78.3,78.16 1 106
github.com/For-ACGN/CompressFrameHeader/writer.go:81.2,82.15 2 65663
github.com/For-ACGN/CompressFrameHeader/writer.go:82.15,87.17 5 40350
github.com/For-ACGN/CompressFrameHeader/writer.go:87.17,89.4 1 1
github.com/For-ACGN/CompressFrameHeader/writer.go:90.3,92.16 3 40349
github.com/For-ACGN/CompressFrameHeader/writer.go:95.2,96.25 2 25313
github.com/For-ACGN/CompressFrameHeader/writer.go:96.25,97.22 1 3066702
github.com/For-ACGN/CompressFrameHeader/writer.go:97.22,98.12 1 2886002
github.com/For-ACGN/CompressFrameHeader/writer.go:100.3,103.17 3 180700
github.com/For-ACGN/CompressFrameHeader/writer.go:105.2,105.22 1 25313
github.com/For-ACGN/CompressFrameHeader/writer.go:105.22,108.3 2 53
github.com/For-ACGN/CompressFrameHeader/writer.go:108.8,114.3 5 25260
github.com/For-ACGN/CompressFrameHeader/writer.go:116.2,117.16 2 25313
github.com/For-ACGN/CompressFrameHeader/writer.go:117.16,119.3 1 1
github.com/For-ACGN/CompressFrameHeader/writer.go:121.2,123.15 3 25312
github.com/For-ACGN/CompressFrameHeader/writer.go:126.54,128.18 2 65663
github.com/For-ACGN/CompressFrameHeader/writer.go:128.18,129.38 1 35
github.com/For-ACGN/CompressFrameHeader/writer.go:129.38,131.4 1 3
github.com/For-ACGN/CompressFrameHeader/writer.go:133.2,133.9 1 65660
github.com/For-ACGN/CompressFrameHeader/writer.go:134.35,135.49 1 9720
github.com/For-ACGN/CompressFrameHeader/writer.go:136.35,137.49 1 9398
github.com/For-ACGN/CompressFrameHeader/writer.go:138.35,139.49 1 9596
github.com/For-ACGN/CompressFrameHeader/writer.go:140.35,141.49 1 9442
github.com/For-ACGN/CompressFrameHeader/writer.go:142.10,143.34 1 27504
github.com/For-ACGN/CompressFrameHeader/writer.go:147.67,152.35 5 9720
github.com/For-ACGN/CompressFrameHeader/writer.go:152.35,154.31 2 2098288
github.com/For-ACGN/CompressFrameHeader/writer.go:154.31,155.12 1 1681663
github.com/For-ACGN/CompressFrameHeader/writer.go:158.3,158.41 1 416625
github.com/For-ACGN/CompressFrameHeader/writer.go:158.41,159.12 1 356351
github.com/For-ACGN/CompressFrameHeader/writer.go:162.3,162.58 1 60274
github.com/For-ACGN/CompressFrameHeader/writer.go:162.58,163.12 1 58564
github.com/For-ACGN/CompressFrameHeader/writer.go:165.3,165.11 1 1710
github.com/For-ACGN/CompressFrameHeader/writer.go:167.2,167.11 1 8010
github.com/For-ACGN/CompressFrameHeader/writer.go:170.67,175.35 5 9398
github.com/For-ACGN/CompressFrameHeader/writer.go:175.35,177.31 2 1999130
github.com/For-ACGN/CompressFrameHeader/writer.go:177.31,178.12 1 1620874
github.com/For-ACGN/CompressFrameHeader/writer.go:181.3,181.41 1 378256
github.com/For-ACGN/CompressFrameHeader/writer.go:181.41,182.12 1 314316
github.com/For-ACGN/CompressFrameHeader/writer.go:185.3,185.58 1 63940
github.com/For-ACGN/CompressFrameHeader/writer.go:185.58,186.12 1 62154
github.com/For-ACGN/CompressFrameHeader/writer.go:188.3,188.11 1 1786
github.com/For-ACGN/CompressFrameHeader/writer.go:190.2,190.11 1 7612
github.com/For-ACGN/CompressFrameHeader/writer.go:193.67,198.35 5 9596
github.com/For-ACGN/CompressFrameHeader/writer.go:198.35,200.31 2 2178180
github.com/For-ACGN/CompressFrameHeader/writer.go:200.31,201.12 1 1729067
github.com/For-ACGN/CompressFrameHeader/writer.go:204.3,204.41 1 449113
github.com/For-ACGN/CompressFrameHeader/writer.go:204.41,205.12 1 253998
github.com/For-ACGN/CompressFrameHeader/writer.go:208.3,208.60 1 195115
github.com/For-ACGN/CompressFrameHeader/writer.go:208.60,209.12 1 193850
github.com/For-ACGN/CompressFrameHeader/writer.go:211.3,211.11 1 1265
github.com/For-ACGN/CompressFrameHeader/writer.go:213.2,213.11 1 8331
github.com/For-ACGN/CompressFrameHeader/writer.go:216.67,221.35 5 9442
github.com/For-ACGN/CompressFrameHeader/writer.go:221.35,223.31 2 1900449
github.com/For-ACGN/CompressFrameHeader/writer.go:223.31,224.12 1 1557373
github.com/For-ACGN/CompressFrameHeader/writer.go:227.3,227.41 1 343076
github.com/For-ACGN/CompressFrameHeader/writer.go:227.41,228.12 1 152426
github.com/For-ACGN/CompressFrameHeader/writer.go:231.3,231.60 1 190650
github.com/For-ACGN/CompressFrameHeader/writer.go:231.60,232.12 1 188429
github.com/For-ACGN/CompressFrameHeader/writer.go:234.3,234.11 1 2221
github.com/For-ACGN/CompressFrameHeader/writer.go:236.2,236.11 1 7221
github.com/For-ACGN/CompressFrameHeader/writer.go:239.52,249.35 6 27504
github.com/For-ACGN/CompressFrameHeader/writer.go:249.35,251.31 2 4700379
github.com/For-ACGN/CompressFrameHeader/writer.go:251.31,252.12 1 4677013
github.com/For-ACGN/CompressFrameHeader/writer.go:255.3,256.34 2 23366
github.com/For-ACGN/CompressFrameHeader/writer.go:256.34,257.28 1 2848948
github.com/For-ACGN/CompressFrameHeader/writer.go:257.28,258.13 1 2511966
github.com/For-ACGN/CompressFrameHeader/writer.go:260.4,262.22 2 336982
github.com/For-ACGN/CompressFrameHeader/writer.go:262.22,263.18 1 5036
github.com/For-ACGN/CompressFrameHeader/writer.go:267.3,267.22 1 18330
github.com/For-ACGN/CompressFrameHeader/writer.go:267.22,269.4 1 9179
github.com/For-ACGN/CompressFrameHeader/writer.go:271.3,271.21 1 9151
github.com/For-ACGN/CompressFrameHeader/writer.go:271.21,274.4 2 9151
github.com/For-ACGN/CompressFrameHeader/writer.go:276.2,276.16 1 18325
github.com/For-ACGN/CompressFrameHeader/writer.go:279.45,281.39 1 40349
github.com/For-ACGN/CompressFrameHeader/writer.go:281.39,283.3 1 10288995
github.com/For-ACGN/CompressFrameHeader/writer.go:284.2,286.18 3 40349
github.com/For-ACGN/CompressFrameHeader/writer.go:289.42,290.14 1 25312
github.com/For-ACGN/CompressFrameHeader/writer.go:290.14,292.3 1 18748
github.com/For-ACGN/CompressFrameHeader/writer.go:293.2,294.27 2 6564
github.com/For-ACGN/CompressFrameHeader/writer.go:294.27,296.3 1 188521
github.com/For-ACGN/CompressFrameHeader/writer.go:297.2,297.18 1 6564
github.com/For-ACGN/CompressFrameHeader/writer.go:300.42,303.2 2 65661
github.com/For-ACGN/CompressFrameHeader/writer.go:308.70,309.18 1 3
github.com/For-ACGN/CompressFrameHeader/writer.go:309.18,311.3 1 2
github.com/For-ACGN/CompressFrameHeader/writer.go:312.2,312.30 1 3
github.com/For-ACGN/CompressFrameHeader/writer.go:312.30,314.3 1 1
github.com/For-ACGN/CompressFrameHeader/writer.go:315.2,316.12 2 2
